<html>
<head>
<title>TestNG:  Test</title>
<link href="../testng.css" rel="stylesheet" type="text/css" />
<link href="../my-testng.css" rel="stylesheet" type="text/css" />

<style type="text/css">
.log { display: none;} 
.stack-trace { display: none;} 
</style>
<script type="text/javascript">
<!--
function flip(e) {
  current = e.style.display;
  if (current == 'block') {
    e.style.display = 'none';
    return 0;
  }
  else {
    e.style.display = 'block';
    return 1;
  }
}

function toggleBox(szDivId, elem, msg1, msg2)
{
  var res = -1;  if (document.getElementById) {
    res = flip(document.getElementById(szDivId));
  }
  else if (document.all) {
    // this is the way old msie versions work
    res = flip(document.all[szDivId]);
  }
  if(elem) {
    if(res == 0) elem.innerHTML = msg1; else elem.innerHTML = msg2;
  }

}

function toggleAllBoxes() {
  if (document.getElementsByTagName) {
    d = document.getElementsByTagName('div');
    for (i = 0; i < d.length; i++) {
      if (d[i].className == 'log') {
        flip(d[i]);
      }
    }
  }
}

// -->
</script>

</head>
<body>
<h2 align='center'>Test</h2><table border='1' align="center">
<tr>
<td>Tests passed/Failed/Skipped:</td><td>9/1/0</td>
</tr><tr>
<td>Started on:</td><td>Sat Jun 04 10:02:48 CEST 2022</td>
</tr>
<tr><td>Total time:</td><td>115 seconds (115703 ms)</td>
</tr><tr>
<td>Included groups:</td><td></td>
</tr><tr>
<td>Excluded groups:</td><td></td>
</tr>
</table><p/>
<small><i>(Hover the method name to see the test class name)</i></small><p/>
<table width='100%' border='1' class='invocation-failed'>
<tr><td colspan='4' align='center'><b>FAILED TESTS</b></td></tr>
<tr><td><b>Test method</b></td>
<td width="30%"><b>Exception</b></td>
<td width="10%"><b>Time (seconds)</b></td>
<td><b>Instance</b></td>
</tr>
<tr>
<td title='uiTests.ErrorTests_motorcycle.verifyModelDropdownOptions()'><b>verifyModelDropdownOptions</b><br>Test class: uiTests.ErrorTests_motorcycle</td>
<td><div><pre>java.lang.AssertionError: Error in Dropdown options compare at Model Dropdown: lists don&apos;t have the same size expected [8] but found [5]
	at uiTests.ErrorTests_motorcycle.verifyModelDropdownOptions(ErrorTests_motorcycle.java:44)
... Removed 29 stack frames</pre></div><a href='#' onClick='toggleBox("stack-trace2142777203", this, "Click to show all stack frames", "Click to hide stack frames")'>Click to show all stack frames</a>
<div class='stack-trace' id='stack-trace2142777203'><pre>java.lang.AssertionError: Error in Dropdown options compare at Model Dropdown: lists don&apos;t have the same size expected [8] but found [5]
	at org.testng.Assert.fail(Assert.java:94)
	at org.testng.Assert.failNotEquals(Assert.java:496)
	at org.testng.Assert.assertEquals(Assert.java:125)
	at org.testng.Assert.assertEquals(Assert.java:372)
	at org.testng.Assert.assertEquals(Assert.java:539)
	at uiTests.ErrorTests_motorcycle.verifyModelDropdownOptions(ErrorTests_motorcycle.java:44)
	at java.base/jdk.internal.reflect.NativeMethodAccessorImpl.invoke0(Native Method)
	at java.base/jdk.internal.reflect.NativeMethodAccessorImpl.invoke(NativeMethodAccessorImpl.java:77)
	at java.base/jdk.internal.reflect.DelegatingMethodAccessorImpl.invoke(DelegatingMethodAccessorImpl.java:43)
	at java.base/java.lang.reflect.Method.invoke(Method.java:568)
	at org.testng.internal.MethodInvocationHelper.invokeMethod(MethodInvocationHelper.java:85)
	at org.testng.internal.Invoker.invokeMethod(Invoker.java:663)
	at org.testng.internal.Invoker.invokeTestMethod(Invoker.java:849)
	at org.testng.internal.Invoker.invokeTestMethods(Invoker.java:1157)
	at org.testng.internal.TestMethodWorker.invokeTestMethods(TestMethodWorker.java:124)
	at org.testng.internal.TestMethodWorker.run(TestMethodWorker.java:108)
	at org.testng.TestRunner.privateRun(TestRunner.java:771)
	at org.testng.TestRunner.run(TestRunner.java:621)
	at org.testng.SuiteRunner.runTest(SuiteRunner.java:357)
	at org.testng.SuiteRunner.runSequentially(SuiteRunner.java:352)
	at org.testng.SuiteRunner.privateRun(SuiteRunner.java:310)
	at org.testng.SuiteRunner.run(SuiteRunner.java:259)
	at org.testng.SuiteRunnerWorker.runSuite(SuiteRunnerWorker.java:52)
	at org.testng.SuiteRunnerWorker.run(SuiteRunnerWorker.java:86)
	at org.testng.TestNG.runSuitesSequentially(TestNG.java:1200)
	at org.testng.TestNG.runSuitesLocally(TestNG.java:1125)
	at org.testng.TestNG.run(TestNG.java:1033)
	at org.testng.remote.RemoteTestNG.run(RemoteTestNG.java:111)
	at org.testng.remote.RemoteTestNG.initAndRun(RemoteTestNG.java:204)
	at org.testng.remote.RemoteTestNG.main(RemoteTestNG.java:175)
</pre></div></td>
<td>0</td>
<td>uiTests.ErrorTests_motorcycle@30ea8c23</td></tr>
</table><p>
<table width='100%' border='1' class='invocation-passed'>
<tr><td colspan='4' align='center'><b>PASSED TESTS</b></td></tr>
<tr><td><b>Test method</b></td>
<td width="30%"><b>Exception</b></td>
<td width="10%"><b>Time (seconds)</b></td>
<td><b>Instance</b></td>
</tr>
<tr>
<td title='uiTests.ImageTest_HomePage.CheckImageTest()'><b>CheckImageTest</b><br>Test class: uiTests.ImageTest_HomePage</td>
<td></td>
<td>0</td>
<td>uiTests.ImageTest_HomePage@7b139eab</td></tr>
<tr>
<td title='uiTests.TestLinks_HomePage.CheckLinksTest()'><b>CheckLinksTest</b><br>Test class: uiTests.TestLinks_HomePage</td>
<td></td>
<td>0</td>
<td>uiTests.TestLinks_HomePage@4e76dac</td></tr>
<tr>
<td title='uiTests.TestSearch_HomePage.SearchFieldTest()'><b>SearchFieldTest</b><br>Test class: uiTests.TestSearch_HomePage</td>
<td></td>
<td>15</td>
<td>uiTests.TestSearch_HomePage@6273c5a4</td></tr>
<tr>
<td title='uiTests.TestLinks_HomePage.ValidateBrokenLinks()'><b>ValidateBrokenLinks</b><br>Test class: uiTests.TestLinks_HomePage</td>
<td></td>
<td>1</td>
<td>uiTests.TestLinks_HomePage@4e76dac</td></tr>
<tr>
<td title='uiTests.ErrorTests_motorcycle.errorMessage_EnginePerformance()'><b>errorMessage_EnginePerformance</b><br>Test class: uiTests.ErrorTests_motorcycle</td>
<td></td>
<td>0</td>
<td>uiTests.ErrorTests_motorcycle@30ea8c23</td></tr>
<tr>
<td title='uiTests.ErrorTests_motorcycle.errorMessage_PayLoadField()'><b>errorMessage_PayLoadField</b><br>Test class: uiTests.ErrorTests_motorcycle</td>
<td></td>
<td>0</td>
<td>uiTests.ErrorTests_motorcycle@30ea8c23</td></tr>
<tr>
<td title='uiTests.EndToEndTests_motorcycle.insuranceCalculate()'><b>insuranceCalculate</b><br>Test class: uiTests.EndToEndTests_motorcycle<br>Parameters: {Vehicle_List Price=888, Product_startdate=12/12/2022, PriceValidation_Gold=696.00, TC No=1, Vehicle_Annual Mileage=100, Product_insurancesum= 5.000.000,00, Vehicle_Date of Manufacture=09/04/2019, Insurant_Hobby=speeding,Other, SelectOption=Silver, PriceValidation_Ultimate=2,604.00, PriceValidation_Silver=236.00, Vehicle_Make=Honda, Insurant_occupation=Farmer, Vehicle_No of Seats_motorcycle=2, Insurant_LastName=NNN, Product_OptionalProducts=Euro Protection, Vehicle_Enging Performance=666, Insurant_ImageFilePath=??, Vehicle_Model=Motorcycle, Insurant_country=Poland, Insurant_zipcode=62495, Product_damageinsurance=Partial Coverage, TC Name=Verify Insurance Premium for Honda MotorCycle, Vehicle_CylinderCapacity=333, PriceValidation_Platinum=1,367.00, Insurant_FirstName=Patryk, Insurant_birthdate=12/12/1989, Insurant_gender=Male}</td>
<td></td>
<td>15</td>
<td>uiTests.EndToEndTests_motorcycle@226642a5</td></tr>
<tr>
<td title='uiTests.EndToEndTests_motorcycle.insuranceCalculate()'><b>insuranceCalculate</b><br>Test class: uiTests.EndToEndTests_motorcycle<br>Parameters: {Vehicle_List Price=888, Product_startdate=12/12/2025, PriceValidation_Gold=772.00, TC No=2, Vehicle_Annual Mileage=100, Product_insurancesum= 20.000.000,00, Vehicle_Date of Manufacture=09/04/2001, Insurant_Hobby=speeding,Other, SelectOption=Gold, PriceValidation_Ultimate=2,887.00, PriceValidation_Silver=262.00, Vehicle_Make=Volvo, Insurant_occupation=Farmer, Vehicle_No of Seats_motorcycle=2, Insurant_LastName=NNN, Product_OptionalProducts=Euro Protection, Vehicle_Enging Performance=900, Insurant_ImageFilePath=??, Vehicle_Model=Scooter, Insurant_country=Italy, Insurant_zipcode=444061, Product_damageinsurance=Partial Coverage, TC Name=Verify Insurance Premium for Volvo Scooter, Vehicle_CylinderCapacity=900, PriceValidation_Platinum=1,515.00, Insurant_FirstName=Aga, Insurant_birthdate=12/12/1977, Insurant_gender=Female}</td>
<td></td>
<td>15</td>
<td>uiTests.EndToEndTests_motorcycle@226642a5</td></tr>
<tr>
<td title='uiTests.EndToEndTests_motorcycle.insuranceCalculate()'><b>insuranceCalculate</b><br>Test class: uiTests.EndToEndTests_motorcycle<br>Parameters: {Vehicle_List Price=1000, Product_startdate=12/12/2025, PriceValidation_Gold=274.00, TC No=3, Vehicle_Annual Mileage=100, Product_insurancesum= 3.000.000,00, Vehicle_Date of Manufacture=09/04/1989, Insurant_Hobby=speeding,Other, SelectOption=Ultimate, PriceValidation_Ultimate=1,025.00, PriceValidation_Silver=93.00, Vehicle_Make=Ford, Insurant_occupation=Farmer, Vehicle_No of Seats_motorcycle=2, Insurant_LastName=NNN, Product_OptionalProducts=Euro Protection, Vehicle_Enging Performance=100, Insurant_ImageFilePath=??, Vehicle_Model=Moped, Insurant_country=Sweden, Insurant_zipcode=444062, Product_damageinsurance=Partial Coverage, TC Name=Verify Insurance Premium for Ford Moped, Vehicle_CylinderCapacity=100, PriceValidation_Platinum=538.00, Insurant_FirstName=Paulina, Insurant_birthdate=12/12/1956, Insurant_gender=Female}</td>
<td></td>
<td>15</td>
<td>uiTests.EndToEndTests_motorcycle@226642a5</td></tr>
</table><p>
</body>
</html>