<?xml version="1.0" encoding="UTF-8"?>
<!-- Generated by org.testng.reporters.JUnitXMLReporter -->
<testsuite hostname="DESKTOP-RSR1A44" failures="1" tests="10" name="Test" time="115.703" errors="0" timestamp="4 Jun 2022 08:04:44 GMT">
  <testcase classname="uiTests.EndToEndTests_motorcycle" name="insuranceCalculate" time="15.7"/>
  <testcase classname="uiTests.EndToEndTests_motorcycle" name="insuranceCalculate" time="15.492"/>
  <testcase classname="uiTests.EndToEndTests_motorcycle" name="insuranceCalculate" time="15.679"/>
  <testcase classname="uiTests.ErrorTests_motorcycle" name="errorMessage_EnginePerformance" time="0.933"/>
  <testcase classname="uiTests.ErrorTests_motorcycle" name="errorMessage_PayLoadField" time="0.943"/>
  <testcase classname="uiTests.ErrorTests_motorcycle" name="verifyModelDropdownOptions" time="0.872">
    <failure type="java.lang.AssertionError" message="Error in Dropdown options compare at Model Dropdown: lists don&amp;apos;t have the same size expected [8] but found [5]">
      <![CDATA[java.lang.AssertionError: Error in Dropdown options compare at Model Dropdown: lists don't have the same size expected [8] but found [5]
	at uiTests.ErrorTests_motorcycle.verifyModelDropdownOptions(ErrorTests_motorcycle.java:44)
... Removed 29 stack frames]]>
    </failure>
  </testcase> <!-- verifyModelDropdownOptions -->
  <testcase classname="uiTests.ImageTest_HomePage" name="CheckImageTest" time="0.028"/>
  <testcase classname="uiTests.TestLinks_HomePage" name="CheckLinksTest" time="0.866"/>
  <testcase classname="uiTests.TestLinks_HomePage" name="ValidateBrokenLinks" time="1.763"/>
  <testcase classname="uiTests.TestSearch_HomePage" name="SearchFieldTest" time="15.378"/>
</testsuite> <!-- Test -->
