<?xml version="1.0" encoding="UTF-8"?>
<!-- Generated by org.testng.reporters.JUnitXMLReporter -->
<testsuite ignored="2" hostname="DESKTOP-RSR1A44" failures="1" tests="1" name="Test" time="7.955" errors="0" timestamp="2022-04-23T18:48:01 CEST">
  <testcase classname="uiTests.ErrorTests_motorcycle" name="errorMessage_PayLoadField1" time="1.016">
    <failure type="java.lang.AssertionError" message="Error message is not as expected on cylinder capacity field. expected [Must be a number between 1 and 3000] but found [Must be a number between 1 and 2000]">
      <![CDATA[java.lang.AssertionError: Error message is not as expected on cylinder capacity field. expected [Must be a number between 1 and 3000] but found [Must be a number between 1 and 2000]
at uiTests.ErrorTests_motorcycle.errorMessage_PayLoadField1(ErrorTests_motorcycle.java:31)
at java.base/java.util.ArrayList.forEach(ArrayList.java:1511)
... Removed 36 stack frames]]>
    </failure>
  </testcase> <!-- errorMessage_PayLoadField1 -->
  <testcase classname="uiTests.ErrorTests_motorcycle" name="errorMessage_PayLoadField" time="0.0">
    <ignored/>
  </testcase> <!-- errorMessage_PayLoadField -->
  <testcase classname="uiTests.ErrorTests_motorcycle" name="verifyModelDropdownOptions" time="0.0">
    <ignored/>
  </testcase> <!-- verifyModelDropdownOptions -->
</testsuite> <!-- Test -->
